Launching Requests...
TOTAL LINKS FOUND: 144
['1:01:05Honour (2026)1080p, 720p &  480pE8/126.9'] /detail/honour-2026-u31e/ | parts length: 2
['1:09:46Positively Yours (2026)1080p, 720p &  480pE12 END7'] /detail/positively-yours-2026-eot/ | parts length: 2
['1:03:20To My Beloved Thief (2026)1080p, 720p &  480pE16 END8'] /detail/to-my-beloved-thief-2026-gdbb/ | parts length: 2
['1:18:20Undercover Miss Hong (2026)1080p, 720p &  480pE12/167.2'] /detail/undercover-miss-hong-2026-3q80/ | parts length: 2
['1:09:03In Your Radiant Season (2026)1080p, 720p &  480pE2/129.1'] /detail/in-your-radiant-season-2026-fwc2/ | parts length: 2
['1:03:37No Tail to Tell (2026)1080p, 720p &  480pE10/126.6'] /detail/no-tail-to-tell-2026-urf8/ | parts length: 2
['47:04Love Phobia (2026)1080p, 720p &  480pE2/88'] /detail/love-phobia-2026-q4h4/ | parts length: 2
['1:00:04Our Universe (2026)1080p, 720p &  480pE6/128.3'] /detail/our-universe-2026-0qdy/ | parts length: 2
['59:23Bloody Flower (2026)1080p, 720p &  480pE6/87.8'] /detail/bloody-flower-2026-195j/ | parts length: 2
['1:16:10The Judge Returns (2026)1080p, 720p &  480pE14 END7.8'] /detail/the-judge-returns-2026-2luz/ | parts length: 2
['51:42The Art of Sarah (2026)1080p, 720p &  480pE8 END7.3'] /detail/the-art-of-sarah-2026-810a/ | parts length: 2
['1:04:21Spring Fever (2026)1080p, 720p &  480pE12 END7.3'] /detail/spring-fever-2026-lkg/ | parts length: 2
['2:04:16The Wrecking Crew (2026)1080p, 720p &  480pdiperbarui : 3 minggu yang laluWEB6.4'] /detail/the-wrecking-crew-2026-u2vr/ | parts length: 2
['1:26:08Speed Faster (2026)1080p, 720p &  480pdiperbarui : 3 minggu yang laluWEB5.8'] /detail/speed-faster-2026-sh95/ | parts length: 2
['1:37:59Greenland 2: Migration (2026)1080p, 720p &  480pdiperbarui : 3 minggu yang laluWEB5.3'] /detail/greenland-2-migration-2026-2f8l/ | parts length: 2
['1:47:50Even If This Love Disappears Tonight (2025)1080p, 720p &  480pdiperbarui : 3 minggu yang laluWEB7.5'] /detail/even-if-this-love-disappears-tonight-2025-n8eu/ | parts length: 2
['3:10:28Avatar: Fire and Ash (2025)480pdiperbarui : 1 bulan yang laluWEB7.4'] /detail/avatar-fire-and-ash-2025-xtjk/ | parts length: 2
['3:25:35Dhurandhar (2025)720p &  480pdiperbarui : 3 minggu yang laluWEB8.3'] /detail/dhurandhar-2025-n7lv/ | parts length: 2
['1:12:01Afterlight (2025)720p &  480pdiperbarui : 3 minggu yang laluWEB3.6'] /detail/afterlight-2025-9blz/ | parts length: 2
['2:26:16Wake Up Dead Man: A Knives Out Mystery (2025)720p &  480pdiperbarui : 2 bulan yang laluWEB7.3'] /detail/wake-up-dead-man-a-knives-out-mystery-2025-wz0o/ | parts length: 2
['1:19:36Torment (2025)720p &  480pdiperbarui : 3 minggu yang laluWEB4.9'] /detail/torment-2025-fy67/ | parts length: 2
['1:31:18A Merry Little Ex-Mas (2025)1080p, 720p &  480pdiperbarui : 3 bulan yang laluWEB5.3'] /detail/a-merry-little-ex-mas-2025-vam4/ | parts length: 2
['1:17:56A Very Jonas Christmas Movie (2025)1080p, 720p &  480pdiperbarui : 3 bulan yang laluWEB5.7'] /detail/a-very-jonas-christmas-movie-2025-k5zu/ | parts length: 2
['1:34:31Playdate (2025)1080p, 720p &  480pdiperbarui : 3 bulan yang laluWEB5.5'] /detail/playdate-2025-t7rn/ | parts length: 2
['E2/12In Your Radiant Season (2026)1080p, 720p &  480pdiperbarui : 5 hari yang lalu1:09:039.1'] /detail/in-your-radiant-season-2026-fwc2/ | parts length: 2
['E2/8Love Phobia (2026)1080p, 720p &  480pdiperbarui : 5 hari yang lalu47:048'] /detail/love-phobia-2026-q4h4/ | parts length: 2
['E8 ENDThe Art of Sarah (2026)1080p, 720p &  480pdiperbarui : 2 minggu yang lalu51:427.3'] /detail/the-art-of-sarah-2026-810a/ | parts length: 2
['E6/12Our Universe (2026)1080p, 720p &  480pdiperbarui : 3 minggu yang lalu1:00:048.3'] /detail/our-universe-2026-0qdy/ | parts length: 2
['E6/8Bloody Flower (2026)1080p, 720p &  480pdiperbarui : 3 minggu yang lalu59:237.8'] /detail/bloody-flower-2026-195j/ | parts length: 2
['E8/12Honour (2026)1080p, 720p &  480pdiperbarui : 3 minggu yang lalu1:01:056.9'] /detail/honour-2026-u31e/ | parts length: 2
['E12 ENDPositively Yours (2026)1080p, 720p &  480pdiperbarui : 1 bulan yang lalu1:09:467'] /detail/positively-yours-2026-eot/ | parts length: 2
['E12/16Undercover Miss Hong (2026)1080p, 720p &  480pdiperbarui : 1 bulan yang lalu1:18:207.2'] /detail/undercover-miss-hong-2026-3q80/ | parts length: 2
['E12 ENDCan This Love Be Translated? (2026)1080p, 720p &  480pdiperbarui : 1 bulan yang lalu1:22:337.9'] /detail/can-this-love-be-translated-2026-duln/ | parts length: 2
['E10/12No Tail to Tell (2026)1080p, 720p &  480pdiperbarui : 1 bulan yang lalu1:03:376.6'] /detail/no-tail-to-tell-2026-urf8/ | parts length: 2
['E12 ENDSpring Fever (2026)1080p, 720p &  480pdiperbarui : 2 bulan yang lalu1:04:217.3'] /detail/spring-fever-2026-lkg/ | parts length: 2
['E16 ENDTo My Beloved Thief (2026)1080p, 720p &  480pdiperbarui : 2 bulan yang lalu1:03:208'] /detail/to-my-beloved-thief-2026-gdbb/ | parts length: 2
['Resident Playbook (2025)'] /detail/resident-playbook-2025-r410/ | parts length: 2
['When Life Gives You Tangerines (2025)'] /detail/when-life-gives-you-tangerines-2025-ixaw/ | parts length: 2
['Dark Figure of Crime (2018)'] /detail/dark-figure-of-crime-2018-548g/ | parts length: 2
['Weak Hero Class 1 (2022)'] /detail/weak-hero-class-1-2022-t1bs/ | parts length: 2
['The First Frost (2025)'] /detail/the-first-frost-2025-8c3o/ | parts length: 2
['Queen of Tears (2024)'] /detail/queen-of-tears-2024-rkzn/ | parts length: 2
['The Trauma Code: Heroes on Call (2025)'] /detail/the-trauma-code-heroes-on-call-2025-ceka/ | parts length: 2
['Family by Choice (2024)'] /detail/family-by-choice-2024-bssm/ | parts length: 2
['Squid Game 2 (2024)'] /detail/squid-game-2024-083r/ | parts length: 2
['The Judge from Hell (2024)'] /detail/the-judge-from-hell-2024-e2px/ | parts length: 2
['When the Phone Rings (2024)'] /detail/when-the-phone-rings-2024-8ovi/ | parts length: 2
['Buried Hearts (2025)'] /detail/buried-hearts-2025-hci4/ | parts length: 2
['The Haunted Palace (2025)'] /detail/the-haunted-palace-2025-de2v/ | parts length: 2
['Love Next Door (2024)'] /detail/love-next-door-2024-d7l/ | parts length: 2
['Marry My Husband (2024)'] /detail/marry-my-husband-2024-on67/ | parts length: 2
['Can This Love Be Translated? (2026)'] /detail/can-this-love-be-translated-2026-duln/ | parts length: 2
['As You Stood By (2025)'] /detail/as-you-stood-by-2025-99fa/ | parts length: 2
['Zomvivor (2025)'] /detail/zomvivor-2025-s2ra/ | parts length: 2
['One Spring Night (2019)'] /detail/one-spring-night-2019-wc96/ | parts length: 2
['Melo Movie (2025)'] /detail/melo-movie-2025-n6nu/ | parts length: 2
['The First Frost (2025)'] /detail/the-first-frost-2025-8c3o/ | parts length: 2
['The Best Thing (2025)'] /detail/the-best-thing-2025-y8ti/ | parts length: 2
['The Nokdu Flower (2019)'] /detail/the-nokdu-flower-2019-rpx5/ | parts length: 2
['Live (2018)'] /detail/live-2018-8pw/ | parts length: 2
['Eccentric! Chef Moon (2020)'] /detail/eccentric-chef-moon-2020-ecaj/ | parts length: 2
['Hierarchy (2024)'] /detail/hierarchy-2024-6r7p/ | parts length: 2
['The Deal (2023)'] /detail/the-deal-2023-i5rq/ | parts length: 2
